[2023-04-28 00:19:54] [info] Start Program:
Path:"F:\Facultate\FMIUBB\Semestrul II\Programare orientata pe obiect\Laboratoare\LAB6_7\x64\Debug\LAB6_7.exe"
Arguments:
Working directory: "F:\Facultate\FMIUBB\Semestrul II\Programare orientata pe obiect\Laboratoare\LAB6_7"
Modules: Selected: F:\Facultate\FMIUBB\Semestrul II\Programare orientata pe obiect\Laboratoare\LAB6_7\x64\Debug\LAB6_7.exe Excluded: 
Sources: Selected: F:\Facultate\FMIUBB\Semestrul II\Programare orientata pe obiect\Laboratoare\LAB6_7\LAB6_7 Excluded: UI.h UI.cpp LAB6_7.cpp VectorDinamic.h 
Log Level: Normal
Cover Children: 0
Aggregate by file: 1
Continue after C++ exception: 0
Optimized build support: 0
Export: Binary C:\Users\Cosmin\AppData\Local\Temp\uzh1kl1a.vle 
Input coverage: 
Unified diff: 
Excluded line regular expressions: 
Substitute pdb source paths: 

[2023-04-28 00:19:54] [info] Module: F:\Facultate\FMIUBB\Semestrul II\Programare orientata pe obiect\Laboratoare\LAB6_7\x64\Debug\LAB6_7.exe is selected because it matches selected pattern: F:\Facultate\FMIUBB\Semestrul II\Programare orientata pe obiect\Laboratoare\LAB6_7\x64\Debug\LAB6_7.exe
[2023-04-28 00:19:55] [info] ----------------------------------------------------
[2023-04-28 00:19:55] [info] Coverage binary generated in file: C:\Users\Cosmin\AppData\Local\Temp\uzh1kl1a.vle
[2023-04-28 00:19:55] [info] ----------------------------------------------------
