  IteratorMDO.cpp
C:\Users\Cosmin\Desktop\LAB4BUNSDA\LAB4BUNSDA\IteratorMDO.cpp(6,16): error C2039: 'head': is not a member of 'MDO'
C:\Users\Cosmin\Desktop\LAB4BUNSDA\LAB4BUNSDA\MDO.h(25,7): message : see declaration of 'MDO'
C:\Users\Cosmin\Desktop\LAB4BUNSDA\LAB4BUNSDA\IteratorMDO.cpp(7,35): error C2039: 'prev': is not a member of 'Node'
C:\Users\Cosmin\Desktop\LAB4BUNSDA\LAB4BUNSDA\MDO.h(17,8): message : see declaration of 'Node'
C:\Users\Cosmin\Desktop\LAB4BUNSDA\LAB4BUNSDA\IteratorMDO.cpp(11,18): error C2039: 'next': is not a member of 'Node'
C:\Users\Cosmin\Desktop\LAB4BUNSDA\LAB4BUNSDA\MDO.h(17,8): message : see declaration of 'Node'
C:\Users\Cosmin\Desktop\LAB4BUNSDA\LAB4BUNSDA\IteratorMDO.cpp(11,67): error C2039: 'next': is not a member of 'Node'
C:\Users\Cosmin\Desktop\LAB4BUNSDA\LAB4BUNSDA\MDO.h(17,8): message : see declaration of 'Node'
C:\Users\Cosmin\Desktop\LAB4BUNSDA\LAB4BUNSDA\IteratorMDO.cpp(11,76): error C2198: 'const Relatie': too few arguments for call
C:\Users\Cosmin\Desktop\LAB4BUNSDA\LAB4BUNSDA\IteratorMDO.cpp(12,21): error C2039: 'next': is not a member of 'Node'
C:\Users\Cosmin\Desktop\LAB4BUNSDA\LAB4BUNSDA\MDO.h(17,8): message : see declaration of 'Node'
C:\Users\Cosmin\Desktop\LAB4BUNSDA\LAB4BUNSDA\IteratorMDO.cpp(19,16): error C2039: 'head': is not a member of 'MDO'
C:\Users\Cosmin\Desktop\LAB4BUNSDA\LAB4BUNSDA\MDO.h(25,7): message : see declaration of 'MDO'
C:\Users\Cosmin\Desktop\LAB4BUNSDA\LAB4BUNSDA\IteratorMDO.cpp(20,35): error C2039: 'prev': is not a member of 'Node'
C:\Users\Cosmin\Desktop\LAB4BUNSDA\LAB4BUNSDA\MDO.h(17,8): message : see declaration of 'Node'
C:\Users\Cosmin\Desktop\LAB4BUNSDA\LAB4BUNSDA\IteratorMDO.cpp(24,18): error C2039: 'next': is not a member of 'Node'
C:\Users\Cosmin\Desktop\LAB4BUNSDA\LAB4BUNSDA\MDO.h(17,8): message : see declaration of 'Node'
C:\Users\Cosmin\Desktop\LAB4BUNSDA\LAB4BUNSDA\IteratorMDO.cpp(24,67): error C2039: 'next': is not a member of 'Node'
C:\Users\Cosmin\Desktop\LAB4BUNSDA\LAB4BUNSDA\MDO.h(17,8): message : see declaration of 'Node'
C:\Users\Cosmin\Desktop\LAB4BUNSDA\LAB4BUNSDA\IteratorMDO.cpp(24,76): error C2198: 'const Relatie': too few arguments for call
C:\Users\Cosmin\Desktop\LAB4BUNSDA\LAB4BUNSDA\IteratorMDO.cpp(25,21): error C2039: 'next': is not a member of 'Node'
C:\Users\Cosmin\Desktop\LAB4BUNSDA\LAB4BUNSDA\MDO.h(17,8): message : see declaration of 'Node'
C:\Users\Cosmin\Desktop\LAB4BUNSDA\LAB4BUNSDA\IteratorMDO.cpp(34,14): error C2039: 'next': is not a member of 'Node'
C:\Users\Cosmin\Desktop\LAB4BUNSDA\LAB4BUNSDA\MDO.h(17,8): message : see declaration of 'Node'
C:\Users\Cosmin\Desktop\LAB4BUNSDA\LAB4BUNSDA\IteratorMDO.cpp(35,20): error C2039: 'next': is not a member of 'Node'
C:\Users\Cosmin\Desktop\LAB4BUNSDA\LAB4BUNSDA\MDO.h(17,8): message : see declaration of 'Node'
C:\Users\Cosmin\Desktop\LAB4BUNSDA\LAB4BUNSDA\IteratorMDO.cpp(36,24): error C2039: 'prev': is not a member of 'Node'
C:\Users\Cosmin\Desktop\LAB4BUNSDA\LAB4BUNSDA\MDO.h(17,8): message : see declaration of 'Node'
  MDO.cpp
C:\Users\Cosmin\Desktop\LAB4BUNSDA\LAB4BUNSDA\MDO.cpp(9,6): error C2511: 'MDO::MDO(Relatie,int)': overloaded member function not found in 'MDO'
C:\Users\Cosmin\Desktop\LAB4BUNSDA\LAB4BUNSDA\MDO.h(25,7): message : see declaration of 'MDO'
C:\Users\Cosmin\Desktop\LAB4BUNSDA\LAB4BUNSDA\MDO.cpp(10,2): error C2671: 'MDO::{ctor}': static member functions do not have 'this' pointers
C:\Users\Cosmin\Desktop\LAB4BUNSDA\LAB4BUNSDA\MDO.cpp(11,2): error C2671: 'MDO::{ctor}': static member functions do not have 'this' pointers
C:\Users\Cosmin\Desktop\LAB4BUNSDA\LAB4BUNSDA\MDO.cpp(12,2): error C2671: 'MDO::{ctor}': static member functions do not have 'this' pointers
C:\Users\Cosmin\Desktop\LAB4BUNSDA\LAB4BUNSDA\MDO.cpp(13,2): error C2671: 'MDO::{ctor}': static member functions do not have 'this' pointers
C:\Users\Cosmin\Desktop\LAB4BUNSDA\LAB4BUNSDA\MDO.cpp(13,20): error C2061: syntax error: identifier 'Lista'
C:\Users\Cosmin\Desktop\LAB4BUNSDA\LAB4BUNSDA\MDO.cpp(15,3): error C2065: 'tabel': undeclared identifier
C:\Users\Cosmin\Desktop\LAB4BUNSDA\LAB4BUNSDA\MDO.cpp(21,16): error C2955: 'std::hash': use of class template requires template argument list
C:\Program Files\Microsoft Visual Studio\2022\Community\VC\Tools\MSVC\14.35.32215\include\type_traits(2183,1): message : see declaration of 'std::hash'
C:\Users\Cosmin\Desktop\LAB4BUNSDA\LAB4BUNSDA\MDO.cpp(22,2): error C2065: 'Lista': undeclared identifier
C:\Users\Cosmin\Desktop\LAB4BUNSDA\LAB4BUNSDA\MDO.cpp(22,9): error C2065: 'lista': undeclared identifier
C:\Users\Cosmin\Desktop\LAB4BUNSDA\LAB4BUNSDA\MDO.cpp(22,17): error C2065: 'tabel': undeclared identifier
C:\Users\Cosmin\Desktop\LAB4BUNSDA\LAB4BUNSDA\MDO.cpp(23,6): error C2065: 'lista': undeclared identifier
C:\Users\Cosmin\Desktop\LAB4BUNSDA\LAB4BUNSDA\MDO.cpp(24,3): error C2065: 'lista': undeclared identifier
C:\Users\Cosmin\Desktop\LAB4BUNSDA\LAB4BUNSDA\MDO.cpp(24,15): error C2061: syntax error: identifier 'Lista'
C:\Users\Cosmin\Desktop\LAB4BUNSDA\LAB4BUNSDA\MDO.cpp(25,3): error C2065: 'tabel': undeclared identifier
C:\Users\Cosmin\Desktop\LAB4BUNSDA\LAB4BUNSDA\MDO.cpp(25,20): error C2065: 'lista': undeclared identifier
C:\Users\Cosmin\Desktop\LAB4BUNSDA\LAB4BUNSDA\MDO.cpp(27,2): error C2065: 'Nod': undeclared identifier
C:\Users\Cosmin\Desktop\LAB4BUNSDA\LAB4BUNSDA\MDO.cpp(27,7): error C2065: 'nod': undeclared identifier
C:\Users\Cosmin\Desktop\LAB4BUNSDA\LAB4BUNSDA\MDO.cpp(27,13): error C2065: 'lista': undeclared identifier
C:\Users\Cosmin\Desktop\LAB4BUNSDA\LAB4BUNSDA\MDO.cpp(28,6): error C2065: 'nod': undeclared identifier
C:\Users\Cosmin\Desktop\LAB4BUNSDA\LAB4BUNSDA\MDO.cpp(29,3): error C2065: 'nod': undeclared identifier
C:\Users\Cosmin\Desktop\LAB4BUNSDA\LAB4BUNSDA\MDO.cpp(29,13): error C2061: syntax error: identifier 'Nod'
C:\Users\Cosmin\Desktop\LAB4BUNSDA\LAB4BUNSDA\MDO.cpp(30,3): error C2065: 'lista': undeclared identifier
C:\Users\Cosmin\Desktop\LAB4BUNSDA\LAB4BUNSDA\MDO.cpp(30,17): error C2065: 'nod': undeclared identifier
C:\Users\Cosmin\Desktop\LAB4BUNSDA\LAB4BUNSDA\MDO.cpp(34,3): error C2065: 'nod': undeclared identifier
C:\Users\Cosmin\Desktop\LAB4BUNSDA\LAB4BUNSDA\MDO.cpp(39,16): error C2955: 'std::hash': use of class template requires template argument list
C:\Program Files\Microsoft Visual Studio\2022\Community\VC\Tools\MSVC\14.35.32215\include\type_traits(2183,1): message : see declaration of 'std::hash'
C:\Users\Cosmin\Desktop\LAB4BUNSDA\LAB4BUNSDA\MDO.cpp(40,2): error C2065: 'Lista': undeclared identifier
C:\Users\Cosmin\Desktop\LAB4BUNSDA\LAB4BUNSDA\MDO.cpp(40,9): error C2065: 'lista': undeclared identifier
C:\Users\Cosmin\Desktop\LAB4BUNSDA\LAB4BUNSDA\MDO.cpp(40,17): error C2065: 'tabel': undeclared identifier
C:\Users\Cosmin\Desktop\LAB4BUNSDA\LAB4BUNSDA\MDO.cpp(41,6): error C2065: 'lista': undeclared identifier
C:\Users\Cosmin\Desktop\LAB4BUNSDA\LAB4BUNSDA\MDO.cpp(46,3): error C2065: 'Nod': undeclared identifier
C:\Users\Cosmin\Desktop\LAB4BUNSDA\LAB4BUNSDA\MDO.cpp(46,8): error C2065: 'nod': undeclared identifier
C:\Users\Cosmin\Desktop\LAB4BUNSDA\LAB4BUNSDA\MDO.cpp(46,14): error C2065: 'lista': undeclared identifier
C:\Users\Cosmin\Desktop\LAB4BUNSDA\LAB4BUNSDA\MDO.cpp(47,7): error C2065: 'nod': undeclared identifier
C:\Users\Cosmin\Desktop\LAB4BUNSDA\LAB4BUNSDA\MDO.cpp(52,11): error C2065: 'nod': undeclared identifier
C:\Users\Cosmin\Desktop\LAB4BUNSDA\LAB4BUNSDA\MDO.cpp(58,16): error C2955: 'std::hash': use of class template requires template argument list
C:\Program Files\Microsoft Visual Studio\2022\Community\VC\Tools\MSVC\14.35.32215\include\type_traits(2183,1): message : see declaration of 'std::hash'
C:\Users\Cosmin\Desktop\LAB4BUNSDA\LAB4BUNSDA\MDO.cpp(59,2): error C2065: 'Lista': undeclared identifier
C:\Users\Cosmin\Desktop\LAB4BUNSDA\LAB4BUNSDA\MDO.cpp(59,9): error C2065: 'lista': undeclared identifier
C:\Users\Cosmin\Desktop\LAB4BUNSDA\LAB4BUNSDA\MDO.cpp(59,17): error C2065: 'tabel': undeclared identifier
C:\Users\Cosmin\Desktop\LAB4BUNSDA\LAB4BUNSDA\MDO.cpp(60,6): error C2065: 'lista': undeclared identifier
C:\Users\Cosmin\Desktop\LAB4BUNSDA\LAB4BUNSDA\MDO.cpp(64,3): error C2065: 'Nod': undeclared identifier
C:\Users\Cosmin\Desktop\LAB4BUNSDA\LAB4BUNSDA\MDO.cpp(64,8): error C2065: 'nod': undeclared identifier
C:\Users\Cosmin\Desktop\LAB4BUNSDA\LAB4BUNSDA\MDO.cpp(64,14): error C2065: 'lista': undeclared identifier
C:\Users\Cosmin\Desktop\LAB4BUNSDA\LAB4BUNSDA\MDO.cpp(65,7): error C2065: 'nod': undeclared identifier
C:\Users\Cosmin\Desktop\LAB4BUNSDA\LAB4BUNSDA\MDO.cpp(69,17): error C2065: 'nod': undeclared identifier
C:\Users\Cosmin\Desktop\LAB4BUNSDA\LAB4BUNSDA\MDO.cpp(70,8): error C2065: 'nod': undeclared identifier
C:\Users\Cosmin\Desktop\LAB4BUNSDA\LAB4BUNSDA\MDO.cpp(71,5): error C2065: 'lista': undeclared identifier
C:\Users\Cosmin\Desktop\LAB4BUNSDA\LAB4BUNSDA\MDO.cpp(71,19): error C2065: 'nod': undeclared identifier
C:\Users\Cosmin\Desktop\LAB4BUNSDA\LAB4BUNSDA\MDO.cpp(93,22): error C2065: 'capacitate': undeclared identifier
C:\Users\Cosmin\Desktop\LAB4BUNSDA\LAB4BUNSDA\MDO.cpp(94,3): error C2065: 'Lista': undeclared identifier
C:\Users\Cosmin\Desktop\LAB4BUNSDA\LAB4BUNSDA\MDO.cpp(94,10): error C2065: 'lista': undeclared identifier
C:\Users\Cosmin\Desktop\LAB4BUNSDA\LAB4BUNSDA\MDO.cpp(94,18): error C2065: 'tabel': undeclared identifier
C:\Users\Cosmin\Desktop\LAB4BUNSDA\LAB4BUNSDA\MDO.cpp(95,7): error C2065: 'lista': undeclared identifier
C:\Users\Cosmin\Desktop\LAB4BUNSDA\LAB4BUNSDA\MDO.cpp(96,11): error C2065: 'lista': undeclared identifier
C:\Users\Cosmin\Desktop\LAB4BUNSDA\LAB4BUNSDA\MDO.cpp(96,16): error C2541: 'delete': cannot delete objects that are not pointers
C:\Users\Cosmin\Desktop\LAB4BUNSDA\LAB4BUNSDA\MDO.cpp(99,11): error C2065: 'tabel': undeclared identifier
C:\Users\Cosmin\Desktop\LAB4BUNSDA\LAB4BUNSDA\MDO.cpp(99,16): error C2541: 'delete': cannot delete objects that are not pointers
C:\Users\Cosmin\Desktop\LAB4BUNSDA\LAB4BUNSDA\MDO.cpp(102,10): error C2039: 'hash': is not a member of 'MDO'
C:\Users\Cosmin\Desktop\LAB4BUNSDA\LAB4BUNSDA\MDO.h(25,7): message : see declaration of 'MDO'
C:\Users\Cosmin\Desktop\LAB4BUNSDA\LAB4BUNSDA\MDO.cpp(102,31): error C2270: 'hash': modifiers not allowed on nonmember functions
C:\Users\Cosmin\Desktop\LAB4BUNSDA\LAB4BUNSDA\MDO.cpp(103,18): error C2065: 'capacitate': undeclared identifier
C:\Users\Cosmin\Desktop\LAB4BUNSDA\LAB4BUNSDA\MDO.cpp(106,6): error C3083: 'Lista': the symbol to the left of a '::' must be a type
C:\Users\Cosmin\Desktop\LAB4BUNSDA\LAB4BUNSDA\MDO.cpp(106,13): error C2039: 'Lista': is not a member of 'MDO'
C:\Users\Cosmin\Desktop\LAB4BUNSDA\LAB4BUNSDA\MDO.h(25,7): message : see declaration of 'MDO'
C:\Users\Cosmin\Desktop\LAB4BUNSDA\LAB4BUNSDA\MDO.cpp(106,21): error C4430: missing type specifier - int assumed. Note: C++ does not support default-int
C:\Users\Cosmin\Desktop\LAB4BUNSDA\LAB4BUNSDA\MDO.cpp(107,2): error C2355: 'this': can only be referenced inside non-static member functions or non-static data member initializers
C:\Users\Cosmin\Desktop\LAB4BUNSDA\LAB4BUNSDA\MDO.cpp(108,2): error C2355: 'this': can only be referenced inside non-static member functions or non-static data member initializers
C:\Users\Cosmin\Desktop\LAB4BUNSDA\LAB4BUNSDA\MDO.cpp(109,1): warning C4508: 'Lista': function should return a value; 'void' return type assumed
C:\Users\Cosmin\Desktop\LAB4BUNSDA\LAB4BUNSDA\MDO.cpp(111,11): error C3083: 'Lista': the symbol to the left of a '::' must be a type
C:\Users\Cosmin\Desktop\LAB4BUNSDA\LAB4BUNSDA\MDO.cpp(111,28): error C2761: 'void MDO::adauga(TCheie,TValoare)': redeclaration of member is not allowed
C:\Users\Cosmin\Desktop\LAB4BUNSDA\LAB4BUNSDA\MDO.cpp(111,25): error C2065: 'Nod': undeclared identifier
C:\Users\Cosmin\Desktop\LAB4BUNSDA\LAB4BUNSDA\MDO.cpp(111,30): error C2065: 'nod': undeclared identifier
C:\Users\Cosmin\Desktop\LAB4BUNSDA\LAB4BUNSDA\MDO.cpp(111,35): error C2143: syntax error: missing ';' before '{'
C:\Users\Cosmin\Desktop\LAB4BUNSDA\LAB4BUNSDA\MDO.cpp(112,2): error C2059: syntax error: 'if'
C:\Users\Cosmin\Desktop\LAB4BUNSDA\LAB4BUNSDA\MDO.cpp(112,23): error C2143: syntax error: missing ';' before '{'
C:\Users\Cosmin\Desktop\LAB4BUNSDA\LAB4BUNSDA\MDO.cpp(112,23): error C2447: '{': missing function header (old-style formal list?)
C:\Users\Cosmin\Desktop\LAB4BUNSDA\LAB4BUNSDA\MDO.cpp(116,2): error C2059: syntax error: 'else'
C:\Users\Cosmin\Desktop\LAB4BUNSDA\LAB4BUNSDA\MDO.cpp(116,7): error C2143: syntax error: missing ';' before '{'
C:\Users\Cosmin\Desktop\LAB4BUNSDA\LAB4BUNSDA\MDO.cpp(116,7): error C2447: '{': missing function header (old-style formal list?)
C:\Users\Cosmin\Desktop\LAB4BUNSDA\LAB4BUNSDA\MDO.cpp(121,1): error C2059: syntax error: '}'
C:\Users\Cosmin\Desktop\LAB4BUNSDA\LAB4BUNSDA\MDO.cpp(121,1): error C2143: syntax error: missing ';' before '}'
C:\Users\Cosmin\Desktop\LAB4BUNSDA\LAB4BUNSDA\MDO.cpp(123,11): error C3083: 'Lista': the symbol to the left of a '::' must be a type
C:\Users\Cosmin\Desktop\LAB4BUNSDA\LAB4BUNSDA\MDO.cpp(123,35): error C2143: syntax error: missing ';' before '{'
C:\Users\Cosmin\Desktop\LAB4BUNSDA\LAB4BUNSDA\MDO.cpp(123,35): error C2447: '{': missing function header (old-style formal list?)
C:\Users\Cosmin\Desktop\LAB4BUNSDA\LAB4BUNSDA\MDO.cpp(125,1): fatal  error C1004: unexpected end-of-file found
  TestExtins.cpp
C:\Users\Cosmin\Desktop\LAB4BUNSDA\LAB4BUNSDA\TestExtins.cpp(120,21): warning C4267: 'initializing': conversion from 'size_t' to 'int', possible loss of data
C:\Users\Cosmin\Desktop\LAB4BUNSDA\LAB4BUNSDA\TestExtins.cpp(138,21): warning C4267: 'initializing': conversion from 'size_t' to 'int', possible loss of data
  TestScurt.cpp
  Generating Code...
