[2023-04-06 10:26:26] [info] Start Program:
Path:"C:\Users\Cosmin\Desktop\Cofetarie - LAB4\x64\Debug\Cofetarie - LAB4.exe"
Arguments:
Working directory: "C:\Users\Cosmin\Desktop\Cofetarie - LAB4\Cofetarie - LAB4\"
Modules: Selected: C:\Users\Cosmin\Desktop\Cofetarie - LAB4\x64\Debug\Cofetarie - LAB4.exe Excluded: 
Sources: Selected: C:\Users\Cosmin\Desktop\Cofetarie - LAB4\Cofetarie - LAB4 Excluded: ui.c 
Log Level: Normal
Cover Children: 0
Aggregate by file: 1
Continue after C++ exception: 0
Optimized build support: 0
Export: Binary C:\Users\Cosmin\AppData\Local\Temp\zyvohgb5.lfq 
Input coverage: 
Unified diff: 
Excluded line regular expressions: 
Substitute pdb source paths: 

[2023-04-06 10:26:26] [info] Module: C:\Users\Cosmin\Desktop\Cofetarie - LAB4\x64\Debug\Cofetarie - LAB4.exe is selected because it matches selected pattern: C:\Users\Cosmin\Desktop\Cofetarie - LAB4\x64\Debug\Cofetarie - LAB4.exe
[2023-04-06 10:26:26] [info] ----------------------------------------------------
[2023-04-06 10:26:26] [info] Coverage binary generated in file: C:\Users\Cosmin\AppData\Local\Temp\zyvohgb5.lfq
[2023-04-06 10:26:26] [info] ----------------------------------------------------
