     1                                  bits 32 ; assembling for the 32 bits architecture
     2                                  
     3                                  ; declare the EntryPoint (a label defining the very first instruction of the program)
     4                                  global start        
     5                                  
     6                                  ; declare external functions needed by our program
     7                                  extern exit               ; tell nasm that exit exists even if we won't be defining it
     8                                  import exit msvcrt.dll    ; exit is a function that ends the calling process. It is defined in msvcrt.dll
     9                                                            ; msvcrt.dll contains exit, printf and all the other important C-runtime specific functions
    10                                  
    11                                  ; our data is declared here (the variables needed by our program)
    12                                  segment data use32 class=data
    13 00000000 1A                          a db 1ah
    14 00000001 3D2C                        b dw 2c3dh
    15 00000003 44332211                    c dd 11223344h
    16                                  
    17                                  ; our code starts here
    18                                  segment code use32 class=code
    19                                      start:
    20                                          
    21 00000000 A0[00000000]                    mov al, [a]
    22 00000005 668B1D[00000000]                mov bx, [a]
    23 0000000C 8B0D[03000000]                  mov ecx, [c]
    24 00000012 C705[03000000]0100-             mov dword [c],1
    24 0000001A 0000               
    25                                      
    26                                          ; exit(0)
    27 0000001C 6A00                            push    dword 0      ; push the parameter for exit onto the stack
    28 0000001E FF15[00000000]                  call    [exit]       ; call exit to terminate the program
